2024-02-29 19:02:48,340 INFO    StreamThr :16200 [internal.py:wandb_internal():86] W&B internal server running at pid: 16200, started at: 2024-02-29 19:02:48.340708
2024-02-29 19:02:48,342 DEBUG   HandlerThread:16200 [handler.py:handle_request():146] handle_request: status
2024-02-29 19:02:48,356 INFO    WriterThread:16200 [datastore.py:open_for_write():87] open: D:\Study\Skoltech\MachineLearning\ts_robustness\notebooks\wandb\run-20240229_190248-q2qi51wo\run-q2qi51wo.wandb
2024-02-29 19:02:48,357 DEBUG   SenderThread:16200 [sender.py:send():382] send: header
2024-02-29 19:02:48,401 DEBUG   SenderThread:16200 [sender.py:send():382] send: run
2024-02-29 19:02:49,578 ERROR   SenderThread:16200 [internal_api.py:execute():373] 404 response executing GraphQL.
2024-02-29 19:02:49,580 ERROR   SenderThread:16200 [internal_api.py:execute():374] {"errors":[{"message":"project not found","path":["upsertBucket"]}],"data":{"upsertBucket":null}}
2024-02-29 19:02:49,581 ERROR   SenderThread:16200 [sender.py:send_run():987] It appears that you do not have permission to access the requested resource. Please reach out to the project owner to grant you access. If you have the correct permissions, verify that there are no issues with your networking setup.(Error 404: Not Found)
Traceback (most recent call last):
  File "C:\Users\User\anaconda3\Lib\site-packages\wandb\sdk\lib\retry.py", line 131, in __call__
    result = self._call_fn(*args, **kwargs)
             ^^^^^^^^^^^^^^^^^^^^^^^^^^^^^^
  File "C:\Users\User\anaconda3\Lib\site-packages\wandb\sdk\internal\internal_api.py", line 369, in execute
    return self.client.execute(*args, **kwargs)  # type: ignore
           ^^^^^^^^^^^^^^^^^^^^^^^^^^^^^^^^^^^^
  File "C:\Users\User\anaconda3\Lib\site-packages\wandb\vendor\gql-0.2.0\wandb_gql\client.py", line 52, in execute
    result = self._get_result(document, *args, **kwargs)
             ^^^^^^^^^^^^^^^^^^^^^^^^^^^^^^^^^^^^^^^^^^^
  File "C:\Users\User\anaconda3\Lib\site-packages\wandb\vendor\gql-0.2.0\wandb_gql\client.py", line 60, in _get_result
    return self.transport.execute(document, *args, **kwargs)
           ^^^^^^^^^^^^^^^^^^^^^^^^^^^^^^^^^^^^^^^^^^^^^^^^^
  File "C:\Users\User\anaconda3\Lib\site-packages\wandb\sdk\lib\gql_request.py", line 59, in execute
    request.raise_for_status()
  File "C:\Users\User\anaconda3\Lib\site-packages\requests\models.py", line 1021, in raise_for_status
    raise HTTPError(http_error_msg, response=self)
requests.exceptions.HTTPError: 404 Client Error: Not Found for url: https://api.wandb.ai/graphql

During handling of the above exception, another exception occurred:

Traceback (most recent call last):
  File "C:\Users\User\anaconda3\Lib\site-packages\wandb\sdk\internal\sender.py", line 985, in send_run
    self._init_run(run, config_value_dict)
  File "C:\Users\User\anaconda3\Lib\site-packages\wandb\sdk\internal\sender.py", line 1027, in _init_run
    server_run, inserted, server_messages = self._api.upsert_run(
                                            ^^^^^^^^^^^^^^^^^^^^^
  File "C:\Users\User\anaconda3\Lib\site-packages\wandb\apis\normalize.py", line 73, in wrapper
    raise err
  File "C:\Users\User\anaconda3\Lib\site-packages\wandb\apis\normalize.py", line 41, in wrapper
    return func(*args, **kwargs)
           ^^^^^^^^^^^^^^^^^^^^^
  File "C:\Users\User\anaconda3\Lib\site-packages\wandb\sdk\internal\internal_api.py", line 2216, in upsert_run
    response = self.gql(
               ^^^^^^^^^
  File "C:\Users\User\anaconda3\Lib\site-packages\wandb\sdk\internal\internal_api.py", line 341, in gql
    ret = self._retry_gql(
          ^^^^^^^^^^^^^^^^
  File "C:\Users\User\anaconda3\Lib\site-packages\wandb\sdk\lib\retry.py", line 147, in __call__
    retry_timedelta_triggered = check_retry_fn(e)
                                ^^^^^^^^^^^^^^^^^
  File "C:\Users\User\anaconda3\Lib\site-packages\wandb\util.py", line 965, in check_retry_fn
    return fallback_retry_fn(e)
           ^^^^^^^^^^^^^^^^^^^^
  File "C:\Users\User\anaconda3\Lib\site-packages\wandb\util.py", line 907, in no_retry_auth
    raise CommError(
wandb.errors.CommError: It appears that you do not have permission to access the requested resource. Please reach out to the project owner to grant you access. If you have the correct permissions, verify that there are no issues with your networking setup.(Error 404: Not Found)
2024-02-29 19:02:50,581 DEBUG   HandlerThread:16200 [handler.py:handle_request():146] handle_request: status_report
2024-02-29 19:02:51,839 DEBUG   HandlerThread:16200 [handler.py:handle_request():146] handle_request: status_report
2024-02-29 19:02:53,445 DEBUG   HandlerThread:16200 [handler.py:handle_request():146] handle_request: keepalive
2024-02-29 19:02:53,615 DEBUG   HandlerThread:16200 [handler.py:handle_request():146] handle_request: status_report
2024-02-29 19:02:55,612 DEBUG   HandlerThread:16200 [handler.py:handle_request():146] handle_request: status_report
2024-02-29 19:02:56,871 DEBUG   HandlerThread:16200 [handler.py:handle_request():146] handle_request: status_report
2024-02-29 19:02:58,475 DEBUG   HandlerThread:16200 [handler.py:handle_request():146] handle_request: keepalive
2024-02-29 19:02:58,646 DEBUG   HandlerThread:16200 [handler.py:handle_request():146] handle_request: status_report
2024-02-29 19:03:00,637 DEBUG   HandlerThread:16200 [handler.py:handle_request():146] handle_request: status_report
2024-02-29 19:03:01,891 DEBUG   HandlerThread:16200 [handler.py:handle_request():146] handle_request: status_report
2024-02-29 19:03:03,500 DEBUG   HandlerThread:16200 [handler.py:handle_request():146] handle_request: keepalive
2024-02-29 19:03:03,671 DEBUG   HandlerThread:16200 [handler.py:handle_request():146] handle_request: status_report
2024-02-29 19:03:05,665 DEBUG   HandlerThread:16200 [handler.py:handle_request():146] handle_request: status_report
2024-02-29 19:03:06,919 DEBUG   HandlerThread:16200 [handler.py:handle_request():146] handle_request: status_report
2024-02-29 19:03:08,518 DEBUG   HandlerThread:16200 [handler.py:handle_request():146] handle_request: keepalive
2024-02-29 19:03:08,704 DEBUG   HandlerThread:16200 [handler.py:handle_request():146] handle_request: status_report
2024-02-29 19:03:10,695 DEBUG   HandlerThread:16200 [handler.py:handle_request():146] handle_request: status_report
2024-02-29 19:03:11,956 DEBUG   HandlerThread:16200 [handler.py:handle_request():146] handle_request: status_report
2024-02-29 19:03:13,561 DEBUG   HandlerThread:16200 [handler.py:handle_request():146] handle_request: keepalive
2024-02-29 19:03:13,734 DEBUG   HandlerThread:16200 [handler.py:handle_request():146] handle_request: status_report
2024-02-29 19:03:15,726 DEBUG   HandlerThread:16200 [handler.py:handle_request():146] handle_request: status_report
2024-02-29 19:03:16,985 DEBUG   HandlerThread:16200 [handler.py:handle_request():146] handle_request: status_report
2024-02-29 19:03:18,587 DEBUG   HandlerThread:16200 [handler.py:handle_request():146] handle_request: keepalive
2024-02-29 19:03:18,758 DEBUG   HandlerThread:16200 [handler.py:handle_request():146] handle_request: status_report
2024-02-29 19:03:20,754 DEBUG   HandlerThread:16200 [handler.py:handle_request():146] handle_request: status_report
2024-02-29 19:03:22,014 DEBUG   HandlerThread:16200 [handler.py:handle_request():146] handle_request: status_report
2024-02-29 19:03:23,615 DEBUG   HandlerThread:16200 [handler.py:handle_request():146] handle_request: keepalive
2024-02-29 19:03:23,785 DEBUG   HandlerThread:16200 [handler.py:handle_request():146] handle_request: status_report
2024-02-29 19:03:25,781 DEBUG   HandlerThread:16200 [handler.py:handle_request():146] handle_request: status_report
2024-02-29 19:03:27,033 DEBUG   HandlerThread:16200 [handler.py:handle_request():146] handle_request: status_report
2024-02-29 19:03:28,633 DEBUG   HandlerThread:16200 [handler.py:handle_request():146] handle_request: keepalive
2024-02-29 19:03:28,804 DEBUG   HandlerThread:16200 [handler.py:handle_request():146] handle_request: status_report
2024-02-29 19:03:30,795 DEBUG   HandlerThread:16200 [handler.py:handle_request():146] handle_request: status_report
2024-02-29 19:03:32,051 DEBUG   HandlerThread:16200 [handler.py:handle_request():146] handle_request: status_report
2024-02-29 19:03:33,661 DEBUG   HandlerThread:16200 [handler.py:handle_request():146] handle_request: keepalive
2024-02-29 19:03:33,833 DEBUG   HandlerThread:16200 [handler.py:handle_request():146] handle_request: status_report
2024-02-29 19:03:35,832 DEBUG   HandlerThread:16200 [handler.py:handle_request():146] handle_request: status_report
2024-02-29 19:03:37,110 DEBUG   HandlerThread:16200 [handler.py:handle_request():146] handle_request: status_report
2024-02-29 19:03:38,721 DEBUG   HandlerThread:16200 [handler.py:handle_request():146] handle_request: keepalive
2024-02-29 19:03:38,878 DEBUG   HandlerThread:16200 [handler.py:handle_request():146] handle_request: status_report
2024-02-29 19:03:40,891 DEBUG   HandlerThread:16200 [handler.py:handle_request():146] handle_request: status_report
2024-02-29 19:03:42,139 DEBUG   HandlerThread:16200 [handler.py:handle_request():146] handle_request: status_report
2024-02-29 19:03:43,756 DEBUG   HandlerThread:16200 [handler.py:handle_request():146] handle_request: keepalive
2024-02-29 19:03:43,927 DEBUG   HandlerThread:16200 [handler.py:handle_request():146] handle_request: status_report
2024-02-29 19:03:45,925 DEBUG   HandlerThread:16200 [handler.py:handle_request():146] handle_request: status_report
2024-02-29 19:03:47,176 DEBUG   HandlerThread:16200 [handler.py:handle_request():146] handle_request: status_report
2024-02-29 19:03:48,780 DEBUG   HandlerThread:16200 [handler.py:handle_request():146] handle_request: keepalive
2024-02-29 19:03:48,954 DEBUG   HandlerThread:16200 [handler.py:handle_request():146] handle_request: status_report
2024-02-29 19:03:50,960 DEBUG   HandlerThread:16200 [handler.py:handle_request():146] handle_request: status_report
2024-02-29 19:03:52,198 DEBUG   HandlerThread:16200 [handler.py:handle_request():146] handle_request: status_report
2024-02-29 19:03:53,802 DEBUG   HandlerThread:16200 [handler.py:handle_request():146] handle_request: keepalive
2024-02-29 19:03:53,990 DEBUG   HandlerThread:16200 [handler.py:handle_request():146] handle_request: status_report
2024-02-29 19:03:55,989 DEBUG   HandlerThread:16200 [handler.py:handle_request():146] handle_request: status_report
2024-02-29 19:03:57,229 DEBUG   HandlerThread:16200 [handler.py:handle_request():146] handle_request: status_report
2024-02-29 19:03:58,833 DEBUG   HandlerThread:16200 [handler.py:handle_request():146] handle_request: keepalive
2024-02-29 19:03:59,018 DEBUG   HandlerThread:16200 [handler.py:handle_request():146] handle_request: status_report
2024-02-29 19:04:01,012 DEBUG   HandlerThread:16200 [handler.py:handle_request():146] handle_request: status_report
2024-02-29 19:04:02,253 DEBUG   HandlerThread:16200 [handler.py:handle_request():146] handle_request: status_report
2024-02-29 19:04:03,880 DEBUG   HandlerThread:16200 [handler.py:handle_request():146] handle_request: keepalive
2024-02-29 19:04:04,051 DEBUG   HandlerThread:16200 [handler.py:handle_request():146] handle_request: status_report
2024-02-29 19:04:06,064 DEBUG   HandlerThread:16200 [handler.py:handle_request():146] handle_request: status_report
2024-02-29 19:04:07,302 DEBUG   HandlerThread:16200 [handler.py:handle_request():146] handle_request: status_report
2024-02-29 19:04:08,923 DEBUG   HandlerThread:16200 [handler.py:handle_request():146] handle_request: keepalive
2024-02-29 19:04:09,094 DEBUG   HandlerThread:16200 [handler.py:handle_request():146] handle_request: status_report
2024-02-29 19:04:11,082 DEBUG   HandlerThread:16200 [handler.py:handle_request():146] handle_request: status_report
2024-02-29 19:04:12,336 DEBUG   HandlerThread:16200 [handler.py:handle_request():146] handle_request: status_report
2024-02-29 19:04:13,942 DEBUG   HandlerThread:16200 [handler.py:handle_request():146] handle_request: keepalive
2024-02-29 19:04:14,115 DEBUG   HandlerThread:16200 [handler.py:handle_request():146] handle_request: status_report
2024-02-29 19:04:16,108 DEBUG   HandlerThread:16200 [handler.py:handle_request():146] handle_request: status_report
2024-02-29 19:04:17,366 DEBUG   HandlerThread:16200 [handler.py:handle_request():146] handle_request: status_report
2024-02-29 19:04:18,970 DEBUG   HandlerThread:16200 [handler.py:handle_request():146] handle_request: cancel
2024-02-29 19:04:18,972 DEBUG   HandlerThread:16200 [handler.py:handle_request():146] handle_request: cancel
2024-02-29 19:04:19,144 DEBUG   HandlerThread:16200 [handler.py:handle_request():146] handle_request: status_report
2024-02-29 19:04:21,131 DEBUG   HandlerThread:16200 [handler.py:handle_request():146] handle_request: status_report
2024-02-29 19:04:22,396 DEBUG   HandlerThread:16200 [handler.py:handle_request():146] handle_request: status_report
2024-02-29 19:04:24,188 DEBUG   HandlerThread:16200 [handler.py:handle_request():146] handle_request: status_report
2024-02-29 19:04:26,175 DEBUG   HandlerThread:16200 [handler.py:handle_request():146] handle_request: status_report
2024-02-29 19:04:27,427 DEBUG   HandlerThread:16200 [handler.py:handle_request():146] handle_request: status_report
2024-02-29 19:04:29,198 DEBUG   HandlerThread:16200 [handler.py:handle_request():146] handle_request: status_report
2024-02-29 19:04:31,201 DEBUG   HandlerThread:16200 [handler.py:handle_request():146] handle_request: status_report
2024-02-29 19:04:32,459 DEBUG   HandlerThread:16200 [handler.py:handle_request():146] handle_request: status_report
2024-02-29 19:04:34,249 DEBUG   HandlerThread:16200 [handler.py:handle_request():146] handle_request: status_report
2024-02-29 19:04:36,256 DEBUG   HandlerThread:16200 [handler.py:handle_request():146] handle_request: status_report
2024-02-29 19:04:37,518 DEBUG   HandlerThread:16200 [handler.py:handle_request():146] handle_request: status_report
2024-02-29 19:04:39,295 DEBUG   HandlerThread:16200 [handler.py:handle_request():146] handle_request: status_report
2024-02-29 19:04:41,288 DEBUG   HandlerThread:16200 [handler.py:handle_request():146] handle_request: status_report
2024-02-29 19:04:42,542 DEBUG   HandlerThread:16200 [handler.py:handle_request():146] handle_request: status_report
2024-02-29 19:04:44,326 DEBUG   HandlerThread:16200 [handler.py:handle_request():146] handle_request: status_report
2024-02-29 19:04:46,321 DEBUG   HandlerThread:16200 [handler.py:handle_request():146] handle_request: status_report
2024-02-29 19:04:47,574 DEBUG   HandlerThread:16200 [handler.py:handle_request():146] handle_request: status_report
2024-02-29 19:04:49,346 DEBUG   HandlerThread:16200 [handler.py:handle_request():146] handle_request: status_report
2024-02-29 19:04:51,348 DEBUG   HandlerThread:16200 [handler.py:handle_request():146] handle_request: status_report
2024-02-29 19:04:52,605 DEBUG   HandlerThread:16200 [handler.py:handle_request():146] handle_request: status_report
2024-02-29 19:04:54,381 DEBUG   HandlerThread:16200 [handler.py:handle_request():146] handle_request: status_report
2024-02-29 19:04:56,377 DEBUG   HandlerThread:16200 [handler.py:handle_request():146] handle_request: status_report
2024-02-29 19:04:57,631 DEBUG   HandlerThread:16200 [handler.py:handle_request():146] handle_request: status_report
2024-02-29 19:04:59,407 DEBUG   HandlerThread:16200 [handler.py:handle_request():146] handle_request: status_report
2024-02-29 19:05:01,400 DEBUG   HandlerThread:16200 [handler.py:handle_request():146] handle_request: status_report
2024-02-29 19:05:02,654 DEBUG   HandlerThread:16200 [handler.py:handle_request():146] handle_request: status_report
2024-02-29 19:05:04,428 DEBUG   HandlerThread:16200 [handler.py:handle_request():146] handle_request: status_report
2024-02-29 19:05:06,419 DEBUG   HandlerThread:16200 [handler.py:handle_request():146] handle_request: status_report
2024-02-29 19:05:07,674 DEBUG   HandlerThread:16200 [handler.py:handle_request():146] handle_request: status_report
2024-02-29 19:05:09,458 DEBUG   HandlerThread:16200 [handler.py:handle_request():146] handle_request: status_report
2024-02-29 19:05:11,452 DEBUG   HandlerThread:16200 [handler.py:handle_request():146] handle_request: status_report
2024-02-29 19:05:12,717 DEBUG   HandlerThread:16200 [handler.py:handle_request():146] handle_request: status_report
2024-02-29 19:05:14,495 DEBUG   HandlerThread:16200 [handler.py:handle_request():146] handle_request: status_report
2024-02-29 19:05:16,498 DEBUG   HandlerThread:16200 [handler.py:handle_request():146] handle_request: status_report
2024-02-29 19:05:17,767 DEBUG   HandlerThread:16200 [handler.py:handle_request():146] handle_request: status_report
2024-02-29 19:05:19,532 DEBUG   HandlerThread:16200 [handler.py:handle_request():146] handle_request: status_report
2024-02-29 19:05:21,532 DEBUG   HandlerThread:16200 [handler.py:handle_request():146] handle_request: status_report
2024-02-29 19:05:22,824 DEBUG   HandlerThread:16200 [handler.py:handle_request():146] handle_request: status_report
2024-02-29 19:05:24,579 DEBUG   HandlerThread:16200 [handler.py:handle_request():146] handle_request: status_report
2024-02-29 19:05:26,584 DEBUG   HandlerThread:16200 [handler.py:handle_request():146] handle_request: status_report
2024-02-29 19:05:27,876 DEBUG   HandlerThread:16200 [handler.py:handle_request():146] handle_request: status_report
2024-02-29 19:05:29,638 DEBUG   HandlerThread:16200 [handler.py:handle_request():146] handle_request: status_report
2024-02-29 19:05:31,639 DEBUG   HandlerThread:16200 [handler.py:handle_request():146] handle_request: status_report
2024-02-29 19:05:32,918 DEBUG   HandlerThread:16200 [handler.py:handle_request():146] handle_request: status_report
2024-02-29 19:05:34,698 DEBUG   HandlerThread:16200 [handler.py:handle_request():146] handle_request: status_report
2024-02-29 19:05:36,680 DEBUG   HandlerThread:16200 [handler.py:handle_request():146] handle_request: status_report
2024-02-29 19:05:37,975 DEBUG   HandlerThread:16200 [handler.py:handle_request():146] handle_request: status_report
2024-02-29 19:05:39,752 DEBUG   HandlerThread:16200 [handler.py:handle_request():146] handle_request: status_report
2024-02-29 19:05:41,735 DEBUG   HandlerThread:16200 [handler.py:handle_request():146] handle_request: status_report
2024-02-29 19:05:43,029 DEBUG   HandlerThread:16200 [handler.py:handle_request():146] handle_request: status_report
2024-02-29 19:05:44,808 DEBUG   HandlerThread:16200 [handler.py:handle_request():146] handle_request: status_report
2024-02-29 19:05:46,775 DEBUG   HandlerThread:16200 [handler.py:handle_request():146] handle_request: status_report
2024-02-29 19:05:48,080 DEBUG   HandlerThread:16200 [handler.py:handle_request():146] handle_request: status_report
2024-02-29 19:05:49,859 DEBUG   HandlerThread:16200 [handler.py:handle_request():146] handle_request: status_report
2024-02-29 19:05:51,832 DEBUG   HandlerThread:16200 [handler.py:handle_request():146] handle_request: status_report
2024-02-29 19:05:53,126 DEBUG   HandlerThread:16200 [handler.py:handle_request():146] handle_request: status_report
2024-02-29 19:05:54,901 DEBUG   HandlerThread:16200 [handler.py:handle_request():146] handle_request: status_report
2024-02-29 19:05:56,882 DEBUG   HandlerThread:16200 [handler.py:handle_request():146] handle_request: status_report
2024-02-29 19:05:58,175 DEBUG   HandlerThread:16200 [handler.py:handle_request():146] handle_request: status_report
2024-02-29 19:05:59,970 DEBUG   HandlerThread:16200 [handler.py:handle_request():146] handle_request: status_report
2024-02-29 19:06:01,937 DEBUG   HandlerThread:16200 [handler.py:handle_request():146] handle_request: status_report
2024-02-29 19:06:03,205 DEBUG   HandlerThread:16200 [handler.py:handle_request():146] handle_request: status_report
2024-02-29 19:06:05,004 DEBUG   HandlerThread:16200 [handler.py:handle_request():146] handle_request: status_report
2024-02-29 19:06:06,967 DEBUG   HandlerThread:16200 [handler.py:handle_request():146] handle_request: status_report
2024-02-29 19:06:08,237 DEBUG   HandlerThread:16200 [handler.py:handle_request():146] handle_request: status_report
2024-02-29 19:06:10,021 DEBUG   HandlerThread:16200 [handler.py:handle_request():146] handle_request: status_report
2024-02-29 19:06:12,020 DEBUG   HandlerThread:16200 [handler.py:handle_request():146] handle_request: status_report
2024-02-29 19:06:13,268 DEBUG   HandlerThread:16200 [handler.py:handle_request():146] handle_request: status_report
2024-02-29 19:06:15,061 DEBUG   HandlerThread:16200 [handler.py:handle_request():146] handle_request: status_report
2024-02-29 19:06:17,056 DEBUG   HandlerThread:16200 [handler.py:handle_request():146] handle_request: status_report
2024-02-29 19:06:18,295 DEBUG   HandlerThread:16200 [handler.py:handle_request():146] handle_request: status_report
2024-02-29 19:06:20,087 DEBUG   HandlerThread:16200 [handler.py:handle_request():146] handle_request: status_report
2024-02-29 19:06:22,079 DEBUG   HandlerThread:16200 [handler.py:handle_request():146] handle_request: status_report
2024-02-29 19:06:23,322 DEBUG   HandlerThread:16200 [handler.py:handle_request():146] handle_request: status_report
2024-02-29 19:06:25,112 DEBUG   HandlerThread:16200 [handler.py:handle_request():146] handle_request: status_report
2024-02-29 19:06:27,104 DEBUG   HandlerThread:16200 [handler.py:handle_request():146] handle_request: status_report
2024-02-29 19:06:28,345 DEBUG   HandlerThread:16200 [handler.py:handle_request():146] handle_request: status_report
2024-02-29 19:06:30,144 DEBUG   HandlerThread:16200 [handler.py:handle_request():146] handle_request: status_report
2024-02-29 19:06:32,145 DEBUG   HandlerThread:16200 [handler.py:handle_request():146] handle_request: status_report
2024-02-29 19:06:33,385 DEBUG   HandlerThread:16200 [handler.py:handle_request():146] handle_request: status_report
2024-02-29 19:06:35,174 DEBUG   HandlerThread:16200 [handler.py:handle_request():146] handle_request: status_report
2024-02-29 19:06:37,169 DEBUG   HandlerThread:16200 [handler.py:handle_request():146] handle_request: status_report
2024-02-29 19:06:38,415 DEBUG   HandlerThread:16200 [handler.py:handle_request():146] handle_request: status_report
2024-02-29 19:06:40,208 DEBUG   HandlerThread:16200 [handler.py:handle_request():146] handle_request: status_report
2024-02-29 19:06:42,211 DEBUG   HandlerThread:16200 [handler.py:handle_request():146] handle_request: status_report
2024-02-29 19:06:43,458 DEBUG   HandlerThread:16200 [handler.py:handle_request():146] handle_request: status_report
2024-02-29 19:06:45,268 DEBUG   HandlerThread:16200 [handler.py:handle_request():146] handle_request: status_report
2024-02-29 19:06:47,253 DEBUG   HandlerThread:16200 [handler.py:handle_request():146] handle_request: status_report
2024-02-29 19:06:48,501 DEBUG   HandlerThread:16200 [handler.py:handle_request():146] handle_request: status_report
2024-02-29 19:06:50,302 DEBUG   HandlerThread:16200 [handler.py:handle_request():146] handle_request: status_report
2024-02-29 19:06:52,284 DEBUG   HandlerThread:16200 [handler.py:handle_request():146] handle_request: status_report
2024-02-29 19:06:53,533 DEBUG   HandlerThread:16200 [handler.py:handle_request():146] handle_request: status_report
2024-02-29 19:06:55,020 INFO    StreamThr :16200 [internal.py:wandb_internal():86] W&B internal server running at pid: 16200, started at: 2024-02-29 19:06:55.020842
2024-02-29 19:06:55,022 DEBUG   HandlerThread:16200 [handler.py:handle_request():146] handle_request: status
2024-02-29 19:06:55,034 INFO    WriterThread:16200 [datastore.py:open_for_write():87] open: D:\Study\Skoltech\MachineLearning\ts_robustness\notebooks\wandb\run-20240229_190654-s0t8dejl\run-s0t8dejl.wandb
2024-02-29 19:06:55,034 DEBUG   SenderThread:16200 [sender.py:send():382] send: header
2024-02-29 19:06:55,077 DEBUG   SenderThread:16200 [sender.py:send():382] send: run
2024-02-29 19:06:55,345 DEBUG   HandlerThread:16200 [handler.py:handle_request():146] handle_request: status_report
2024-02-29 19:06:56,078 ERROR   SenderThread:16200 [internal_api.py:execute():373] 404 response executing GraphQL.
2024-02-29 19:06:56,078 ERROR   SenderThread:16200 [internal_api.py:execute():374] {"errors":[{"message":"project not found","path":["upsertBucket"]}],"data":{"upsertBucket":null}}
2024-02-29 19:06:56,079 ERROR   SenderThread:16200 [sender.py:send_run():987] It appears that you do not have permission to access the requested resource. Please reach out to the project owner to grant you access. If you have the correct permissions, verify that there are no issues with your networking setup.(Error 404: Not Found)
Traceback (most recent call last):
  File "C:\Users\User\anaconda3\Lib\site-packages\wandb\sdk\lib\retry.py", line 131, in __call__
    result = self._call_fn(*args, **kwargs)
             ^^^^^^^^^^^^^^^^^^^^^^^^^^^^^^
  File "C:\Users\User\anaconda3\Lib\site-packages\wandb\sdk\internal\internal_api.py", line 369, in execute
    return self.client.execute(*args, **kwargs)  # type: ignore
           ^^^^^^^^^^^^^^^^^^^^^^^^^^^^^^^^^^^^
  File "C:\Users\User\anaconda3\Lib\site-packages\wandb\vendor\gql-0.2.0\wandb_gql\client.py", line 52, in execute
    result = self._get_result(document, *args, **kwargs)
             ^^^^^^^^^^^^^^^^^^^^^^^^^^^^^^^^^^^^^^^^^^^
  File "C:\Users\User\anaconda3\Lib\site-packages\wandb\vendor\gql-0.2.0\wandb_gql\client.py", line 60, in _get_result
    return self.transport.execute(document, *args, **kwargs)
           ^^^^^^^^^^^^^^^^^^^^^^^^^^^^^^^^^^^^^^^^^^^^^^^^^
  File "C:\Users\User\anaconda3\Lib\site-packages\wandb\sdk\lib\gql_request.py", line 59, in execute
    request.raise_for_status()
  File "C:\Users\User\anaconda3\Lib\site-packages\requests\models.py", line 1021, in raise_for_status
    raise HTTPError(http_error_msg, response=self)
requests.exceptions.HTTPError: 404 Client Error: Not Found for url: https://api.wandb.ai/graphql

During handling of the above exception, another exception occurred:

Traceback (most recent call last):
  File "C:\Users\User\anaconda3\Lib\site-packages\wandb\sdk\internal\sender.py", line 985, in send_run
    self._init_run(run, config_value_dict)
  File "C:\Users\User\anaconda3\Lib\site-packages\wandb\sdk\internal\sender.py", line 1027, in _init_run
    server_run, inserted, server_messages = self._api.upsert_run(
                                            ^^^^^^^^^^^^^^^^^^^^^
  File "C:\Users\User\anaconda3\Lib\site-packages\wandb\apis\normalize.py", line 73, in wrapper
    raise err
  File "C:\Users\User\anaconda3\Lib\site-packages\wandb\apis\normalize.py", line 41, in wrapper
    return func(*args, **kwargs)
           ^^^^^^^^^^^^^^^^^^^^^
  File "C:\Users\User\anaconda3\Lib\site-packages\wandb\sdk\internal\internal_api.py", line 2216, in upsert_run
    response = self.gql(
               ^^^^^^^^^
  File "C:\Users\User\anaconda3\Lib\site-packages\wandb\sdk\internal\internal_api.py", line 341, in gql
    ret = self._retry_gql(
          ^^^^^^^^^^^^^^^^
  File "C:\Users\User\anaconda3\Lib\site-packages\wandb\sdk\lib\retry.py", line 147, in __call__
    retry_timedelta_triggered = check_retry_fn(e)
                                ^^^^^^^^^^^^^^^^^
  File "C:\Users\User\anaconda3\Lib\site-packages\wandb\util.py", line 965, in check_retry_fn
    return fallback_retry_fn(e)
           ^^^^^^^^^^^^^^^^^^^^
  File "C:\Users\User\anaconda3\Lib\site-packages\wandb\util.py", line 907, in no_retry_auth
    raise CommError(
wandb.errors.CommError: It appears that you do not have permission to access the requested resource. Please reach out to the project owner to grant you access. If you have the correct permissions, verify that there are no issues with your networking setup.(Error 404: Not Found)
2024-02-29 19:06:57,342 DEBUG   HandlerThread:16200 [handler.py:handle_request():146] handle_request: status_report
2024-02-29 19:06:58,569 DEBUG   HandlerThread:16200 [handler.py:handle_request():146] handle_request: status_report
2024-02-29 19:07:00,113 DEBUG   HandlerThread:16200 [handler.py:handle_request():146] handle_request: status_report
2024-02-29 19:07:00,115 DEBUG   HandlerThread:16200 [handler.py:handle_request():146] handle_request: keepalive
2024-02-29 19:07:00,394 DEBUG   HandlerThread:16200 [handler.py:handle_request():146] handle_request: status_report
2024-02-29 19:07:02,365 DEBUG   HandlerThread:16200 [handler.py:handle_request():146] handle_request: status_report
2024-02-29 19:07:03,594 DEBUG   HandlerThread:16200 [handler.py:handle_request():146] handle_request: status_report
2024-02-29 19:07:05,136 DEBUG   HandlerThread:16200 [handler.py:handle_request():146] handle_request: status_report
2024-02-29 19:07:05,137 DEBUG   HandlerThread:16200 [handler.py:handle_request():146] handle_request: keepalive
2024-02-29 19:07:05,419 DEBUG   HandlerThread:16200 [handler.py:handle_request():146] handle_request: status_report
2024-02-29 19:07:07,401 DEBUG   HandlerThread:16200 [handler.py:handle_request():146] handle_request: status_report
2024-02-29 19:07:08,622 DEBUG   HandlerThread:16200 [handler.py:handle_request():146] handle_request: status_report
2024-02-29 19:07:10,166 DEBUG   HandlerThread:16200 [handler.py:handle_request():146] handle_request: status_report
2024-02-29 19:07:10,168 DEBUG   HandlerThread:16200 [handler.py:handle_request():146] handle_request: keepalive
2024-02-29 19:07:10,450 DEBUG   HandlerThread:16200 [handler.py:handle_request():146] handle_request: status_report
2024-02-29 19:07:12,431 DEBUG   HandlerThread:16200 [handler.py:handle_request():146] handle_request: status_report
2024-02-29 19:07:13,658 DEBUG   HandlerThread:16200 [handler.py:handle_request():146] handle_request: status_report
2024-02-29 19:07:15,195 DEBUG   HandlerThread:16200 [handler.py:handle_request():146] handle_request: status_report
2024-02-29 19:07:15,195 DEBUG   HandlerThread:16200 [handler.py:handle_request():146] handle_request: keepalive
2024-02-29 19:07:15,475 DEBUG   HandlerThread:16200 [handler.py:handle_request():146] handle_request: status_report
2024-02-29 19:07:17,468 DEBUG   HandlerThread:16200 [handler.py:handle_request():146] handle_request: status_report
2024-02-29 19:07:18,682 DEBUG   HandlerThread:16200 [handler.py:handle_request():146] handle_request: status_report
2024-02-29 19:07:20,227 DEBUG   HandlerThread:16200 [handler.py:handle_request():146] handle_request: status_report
2024-02-29 19:07:20,228 DEBUG   HandlerThread:16200 [handler.py:handle_request():146] handle_request: keepalive
2024-02-29 19:07:20,510 DEBUG   HandlerThread:16200 [handler.py:handle_request():146] handle_request: status_report
2024-02-29 19:07:22,517 DEBUG   HandlerThread:16200 [handler.py:handle_request():146] handle_request: status_report
2024-02-29 19:07:23,713 DEBUG   HandlerThread:16200 [handler.py:handle_request():146] handle_request: status_report
2024-02-29 19:07:25,252 DEBUG   HandlerThread:16200 [handler.py:handle_request():146] handle_request: status_report
2024-02-29 19:07:25,254 DEBUG   HandlerThread:16200 [handler.py:handle_request():146] handle_request: keepalive
2024-02-29 19:07:25,552 DEBUG   HandlerThread:16200 [handler.py:handle_request():146] handle_request: status_report
2024-02-29 19:07:27,540 DEBUG   HandlerThread:16200 [handler.py:handle_request():146] handle_request: status_report
2024-02-29 19:07:28,736 DEBUG   HandlerThread:16200 [handler.py:handle_request():146] handle_request: status_report
2024-02-29 19:07:30,289 DEBUG   HandlerThread:16200 [handler.py:handle_request():146] handle_request: status_report
2024-02-29 19:07:30,290 DEBUG   HandlerThread:16200 [handler.py:handle_request():146] handle_request: keepalive
2024-02-29 19:07:30,571 DEBUG   HandlerThread:16200 [handler.py:handle_request():146] handle_request: status_report
2024-02-29 19:07:32,567 DEBUG   HandlerThread:16200 [handler.py:handle_request():146] handle_request: status_report
2024-02-29 19:07:33,769 DEBUG   HandlerThread:16200 [handler.py:handle_request():146] handle_request: status_report
2024-02-29 19:07:35,321 DEBUG   HandlerThread:16200 [handler.py:handle_request():146] handle_request: status_report
2024-02-29 19:07:35,323 DEBUG   HandlerThread:16200 [handler.py:handle_request():146] handle_request: keepalive
2024-02-29 19:07:35,605 DEBUG   HandlerThread:16200 [handler.py:handle_request():146] handle_request: status_report
2024-02-29 19:07:37,605 DEBUG   HandlerThread:16200 [handler.py:handle_request():146] handle_request: status_report
2024-02-29 19:07:38,802 DEBUG   HandlerThread:16200 [handler.py:handle_request():146] handle_request: status_report
2024-02-29 19:07:40,357 DEBUG   HandlerThread:16200 [handler.py:handle_request():146] handle_request: status_report
2024-02-29 19:07:40,359 DEBUG   HandlerThread:16200 [handler.py:handle_request():146] handle_request: keepalive
2024-02-29 19:07:40,636 DEBUG   HandlerThread:16200 [handler.py:handle_request():146] handle_request: status_report
2024-02-29 19:07:42,635 DEBUG   HandlerThread:16200 [handler.py:handle_request():146] handle_request: status_report
2024-02-29 19:07:43,832 DEBUG   HandlerThread:16200 [handler.py:handle_request():146] handle_request: status_report
2024-02-29 19:07:45,378 DEBUG   HandlerThread:16200 [handler.py:handle_request():146] handle_request: status_report
2024-02-29 19:07:45,395 DEBUG   HandlerThread:16200 [handler.py:handle_request():146] handle_request: keepalive
2024-02-29 19:07:45,661 DEBUG   HandlerThread:16200 [handler.py:handle_request():146] handle_request: status_report
2024-02-29 19:07:47,656 DEBUG   HandlerThread:16200 [handler.py:handle_request():146] handle_request: status_report
2024-02-29 19:07:48,866 DEBUG   HandlerThread:16200 [handler.py:handle_request():146] handle_request: status_report
2024-02-29 19:07:50,407 DEBUG   HandlerThread:16200 [handler.py:handle_request():146] handle_request: status_report
2024-02-29 19:07:50,425 DEBUG   HandlerThread:16200 [handler.py:handle_request():146] handle_request: keepalive
2024-02-29 19:07:50,690 DEBUG   HandlerThread:16200 [handler.py:handle_request():146] handle_request: status_report
2024-02-29 19:07:52,688 DEBUG   HandlerThread:16200 [handler.py:handle_request():146] handle_request: status_report
2024-02-29 19:07:53,898 DEBUG   HandlerThread:16200 [handler.py:handle_request():146] handle_request: status_report
2024-02-29 19:07:55,437 DEBUG   HandlerThread:16200 [handler.py:handle_request():146] handle_request: status_report
2024-02-29 19:07:55,455 DEBUG   HandlerThread:16200 [handler.py:handle_request():146] handle_request: keepalive
2024-02-29 19:07:55,721 DEBUG   HandlerThread:16200 [handler.py:handle_request():146] handle_request: status_report
2024-02-29 19:07:57,721 DEBUG   HandlerThread:16200 [handler.py:handle_request():146] handle_request: status_report
2024-02-29 19:07:58,930 DEBUG   HandlerThread:16200 [handler.py:handle_request():146] handle_request: status_report
2024-02-29 19:08:00,473 DEBUG   HandlerThread:16200 [handler.py:handle_request():146] handle_request: status_report
2024-02-29 19:08:00,491 DEBUG   HandlerThread:16200 [handler.py:handle_request():146] handle_request: keepalive
2024-02-29 19:08:00,756 DEBUG   HandlerThread:16200 [handler.py:handle_request():146] handle_request: status_report
2024-02-29 19:08:02,746 DEBUG   HandlerThread:16200 [handler.py:handle_request():146] handle_request: status_report
2024-02-29 19:08:03,959 DEBUG   HandlerThread:16200 [handler.py:handle_request():146] handle_request: status_report
2024-02-29 19:08:05,503 DEBUG   HandlerThread:16200 [handler.py:handle_request():146] handle_request: status_report
2024-02-29 19:08:05,520 DEBUG   HandlerThread:16200 [handler.py:handle_request():146] handle_request: keepalive
2024-02-29 19:08:05,786 DEBUG   HandlerThread:16200 [handler.py:handle_request():146] handle_request: status_report
2024-02-29 19:08:07,781 DEBUG   HandlerThread:16200 [handler.py:handle_request():146] handle_request: status_report
2024-02-29 19:08:08,988 DEBUG   HandlerThread:16200 [handler.py:handle_request():146] handle_request: status_report
2024-02-29 19:08:10,523 DEBUG   HandlerThread:16200 [handler.py:handle_request():146] handle_request: status_report
2024-02-29 19:08:10,541 DEBUG   HandlerThread:16200 [handler.py:handle_request():146] handle_request: keepalive
2024-02-29 19:08:10,806 DEBUG   HandlerThread:16200 [handler.py:handle_request():146] handle_request: status_report
2024-02-29 19:08:12,800 DEBUG   HandlerThread:16200 [handler.py:handle_request():146] handle_request: status_report
2024-02-29 19:08:14,007 DEBUG   HandlerThread:16200 [handler.py:handle_request():146] handle_request: status_report
2024-02-29 19:08:15,547 DEBUG   HandlerThread:16200 [handler.py:handle_request():146] handle_request: status_report
2024-02-29 19:08:15,580 DEBUG   HandlerThread:16200 [handler.py:handle_request():146] handle_request: keepalive
2024-02-29 19:08:15,829 DEBUG   HandlerThread:16200 [handler.py:handle_request():146] handle_request: status_report
2024-02-29 19:08:17,821 DEBUG   HandlerThread:16200 [handler.py:handle_request():146] handle_request: status_report
2024-02-29 19:08:19,030 DEBUG   HandlerThread:16200 [handler.py:handle_request():146] handle_request: status_report
2024-02-29 19:08:20,570 DEBUG   HandlerThread:16200 [handler.py:handle_request():146] handle_request: status_report
2024-02-29 19:08:20,605 DEBUG   HandlerThread:16200 [handler.py:handle_request():146] handle_request: keepalive
2024-02-29 19:08:20,852 DEBUG   HandlerThread:16200 [handler.py:handle_request():146] handle_request: status_report
2024-02-29 19:08:22,842 DEBUG   HandlerThread:16200 [handler.py:handle_request():146] handle_request: status_report
2024-02-29 19:08:24,050 DEBUG   HandlerThread:16200 [handler.py:handle_request():146] handle_request: status_report
2024-02-29 19:08:25,589 DEBUG   HandlerThread:16200 [handler.py:handle_request():146] handle_request: status_report
2024-02-29 19:08:25,638 DEBUG   HandlerThread:16200 [handler.py:handle_request():146] handle_request: cancel
2024-02-29 19:08:25,639 DEBUG   HandlerThread:16200 [handler.py:handle_request():146] handle_request: cancel
2024-02-29 19:08:25,889 DEBUG   HandlerThread:16200 [handler.py:handle_request():146] handle_request: status_report
2024-02-29 19:08:27,867 DEBUG   HandlerThread:16200 [handler.py:handle_request():146] handle_request: status_report
2024-02-29 19:08:29,077 DEBUG   HandlerThread:16200 [handler.py:handle_request():146] handle_request: status_report
2024-02-29 19:08:30,612 DEBUG   HandlerThread:16200 [handler.py:handle_request():146] handle_request: status_report
2024-02-29 19:08:30,910 DEBUG   HandlerThread:16200 [handler.py:handle_request():146] handle_request: status_report
2024-02-29 19:08:32,890 DEBUG   HandlerThread:16200 [handler.py:handle_request():146] handle_request: status_report
2024-02-29 19:08:34,113 DEBUG   HandlerThread:16200 [handler.py:handle_request():146] handle_request: status_report
2024-02-29 19:08:35,642 DEBUG   HandlerThread:16200 [handler.py:handle_request():146] handle_request: status_report
2024-02-29 19:08:35,940 DEBUG   HandlerThread:16200 [handler.py:handle_request():146] handle_request: status_report
2024-02-29 19:08:37,936 DEBUG   HandlerThread:16200 [handler.py:handle_request():146] handle_request: status_report
2024-02-29 19:08:39,143 DEBUG   HandlerThread:16200 [handler.py:handle_request():146] handle_request: status_report
2024-02-29 19:08:40,688 DEBUG   HandlerThread:16200 [handler.py:handle_request():146] handle_request: status_report
2024-02-29 19:08:40,969 DEBUG   HandlerThread:16200 [handler.py:handle_request():146] handle_request: status_report
2024-02-29 19:08:42,972 DEBUG   HandlerThread:16200 [handler.py:handle_request():146] handle_request: status_report
2024-02-29 19:08:44,176 DEBUG   HandlerThread:16200 [handler.py:handle_request():146] handle_request: status_report
2024-02-29 19:08:45,721 DEBUG   HandlerThread:16200 [handler.py:handle_request():146] handle_request: status_report
2024-02-29 19:08:46,002 DEBUG   HandlerThread:16200 [handler.py:handle_request():146] handle_request: status_report
2024-02-29 19:08:48,018 DEBUG   HandlerThread:16200 [handler.py:handle_request():146] handle_request: status_report
2024-02-29 19:08:49,221 DEBUG   HandlerThread:16200 [handler.py:handle_request():146] handle_request: status_report
2024-02-29 19:08:50,754 DEBUG   HandlerThread:16200 [handler.py:handle_request():146] handle_request: status_report
2024-02-29 19:08:51,047 DEBUG   HandlerThread:16200 [handler.py:handle_request():146] handle_request: status_report
2024-02-29 19:08:53,066 DEBUG   HandlerThread:16200 [handler.py:handle_request():146] handle_request: status_report
2024-02-29 19:08:54,264 DEBUG   HandlerThread:16200 [handler.py:handle_request():146] handle_request: status_report
2024-02-29 19:08:55,794 DEBUG   HandlerThread:16200 [handler.py:handle_request():146] handle_request: status_report
2024-02-29 19:08:56,104 DEBUG   HandlerThread:16200 [handler.py:handle_request():146] handle_request: status_report
